<?xml version="1.0" encoding="UTF-8"?>
<!-- Generated by org.testng.reporters.JUnitXMLReporter -->
<testsuite hostname="DESKTOP-DCMS2K8" ignored="1" name="Test" tests="13" failures="1" timestamp="2023-07-02T15:15:50 IST" time="33.85" errors="0">
  <testcase name="createBookingSchemaValidation" time="9.388" classname="com.RestAssured.restfulbooker.JsonSchemaValidationTest"/>
  <testcase name="createTokenJsonSchemaValidation" time="1.429" classname="com.RestAssured.restfulbooker.JsonSchemaValidationTest"/>
  <testcase name="getBookingSchemaValidation" time="3.381" classname="com.RestAssured.restfulbooker.JsonSchemaValidationTest"/>
  <testcase name="createNewBooking" time="1.377" classname="com.RestAssured.restfulbooker.RestfulBookerE2ETests"/>
  <testcase name="createToken" time="1.403" classname="com.RestAssured.restfulbooker.RestfulBookerE2ETests"/>
  <testcase name="getBookingData" time="1.672" classname="com.RestAssured.restfulbooker.RestfulBookerE2ETests"/>
  <testcase name="getBookingDetailsById" time="1.348" classname="com.RestAssured.restfulbooker.RestfulBookerE2ETests">
    <failure type="java.lang.AssertionError" message="{
  &amp;quot;firstname&amp;quot; : &amp;quot;Jerald&amp;quot;,
  &amp;quot;additionalneeds&amp;quot; : &amp;quot;Breakfast&amp;quot;,
  &amp;quot;bookingdates&amp;quot; : {
    &amp;quot;checkin&amp;quot; : &amp;quot;2023-06-17&amp;quot;,
    &amp;quot;checkout&amp;quot; : &amp;quot;2023-07-06&amp;quot;
  },
  &amp;quot;totalprice&amp;quot; : 142,
  &amp;quot;depositpaid&amp;quot; : true,
  &amp;quot;lastname&amp;quot; : &amp;quot;Block&amp;quot;
} expected:&amp;lt;{&amp;quot;firstname&amp;quot;:&amp;quot;Jerald&amp;quot;,&amp;quot;lastname&amp;quot;:&amp;quot;Block&amp;quot;,&amp;quot;totalprice&amp;quot;:142,&amp;quot;depositpaid&amp;quot;:true,&amp;quot;bookingdates&amp;quot;:{&amp;quot;checkin&amp;quot;:&amp;quot;2023-06-17&amp;quot;,&amp;quot;checkout&amp;quot;:&amp;quot;2023-07-06&amp;quot;},&amp;quot;additionalneeds&amp;quot;:&amp;quot;Breakfast&amp;quot;}&amp;gt; but was:&amp;lt;NON_EXTENSIBLE&amp;gt;">
      <![CDATA[java.lang.AssertionError: {
  "firstname" : "Jerald",
  "additionalneeds" : "Breakfast",
  "bookingdates" : {
    "checkin" : "2023-06-17",
    "checkout" : "2023-07-06"
  },
  "totalprice" : 142,
  "depositpaid" : true,
  "lastname" : "Block"
} expected:<{"firstname":"Jerald","lastname":"Block","totalprice":142,"depositpaid":true,"bookingdates":{"checkin":"2023-06-17","checkout":"2023-07-06"},"additionalneeds":"Breakfast"}> but was:<NON_EXTENSIBLE>
at com.RestAssured.restfulbooker.RestfulBookerE2ETests.getBookingDetailsById(RestfulBookerE2ETests.java:89)
at java.util.ArrayList.forEach(Unknown Source)
... Removed 30 stack frames]]>
    </failure>
  </testcase> <!-- getBookingDetailsById -->
  <testcase name="updateBookingDetails" time="1.384" classname="com.RestAssured.restfulbooker.RestfulBookerE2ETests"/>
  <testcase name="deleteBookingDetails" time="2.76" classname="com.RestAssured.restfulbooker.LambokTest"/>
  <testcase name="partialBookingUpdate" time="2.808" classname="com.RestAssured.restfulbooker.LambokTest"/>
  <testcase name="createBooking" time="1.355" classname="com.RestAssured.restfulbooker.LambokTest"/>
  <testcase name="getBookingDetailsUsingBookingId" time="2.701" classname="com.RestAssured.restfulbooker.LambokTest"/>
  <testcase name="updateBookingDetails" time="2.702" classname="com.RestAssured.restfulbooker.LambokTest"/>
  <testcase name="createNewBooking" time="0.0" classname="com.RestAssured.restfulbooker.LambokTest">
    <ignored/>
  </testcase> <!-- createNewBooking -->
</testsuite> <!-- Test -->
