<?xml version="1.0" encoding="UTF-8"?>
<!-- Generated by org.testng.reporters.JUnitXMLReporter -->
<testsuite hostname="DESKTOP-DCMS2K8" ignored="1" name="Test" tests="13" failures="1" timestamp="2023-07-02T15:28:07 IST" time="33.872" errors="0">
  <testcase name="createBookingSchemaValidation" time="9.246" classname="com.RestAssured.restfulbooker.JsonSchemaValidationTest"/>
  <testcase name="createTokenJsonSchemaValidation" time="1.567" classname="com.RestAssured.restfulbooker.JsonSchemaValidationTest"/>
  <testcase name="getBookingSchemaValidation" time="3.418" classname="com.RestAssured.restfulbooker.JsonSchemaValidationTest"/>
  <testcase name="createNewBooking" time="1.356" classname="com.RestAssured.restfulbooker.RestfulBookerE2ETests"/>
  <testcase name="createToken" time="1.331" classname="com.RestAssured.restfulbooker.RestfulBookerE2ETests"/>
  <testcase name="getBookingData" time="1.666" classname="com.RestAssured.restfulbooker.RestfulBookerE2ETests"/>
  <testcase name="getBookingDetailsById" time="1.368" classname="com.RestAssured.restfulbooker.RestfulBookerE2ETests">
    <failure type="java.lang.AssertionError" message="{
  &amp;quot;firstname&amp;quot; : &amp;quot;Katrine&amp;quot;,
  &amp;quot;additionalneeds&amp;quot; : &amp;quot;Breakfast&amp;quot;,
  &amp;quot;bookingdates&amp;quot; : {
    &amp;quot;checkin&amp;quot; : &amp;quot;2023-06-18&amp;quot;,
    &amp;quot;checkout&amp;quot; : &amp;quot;2023-07-03&amp;quot;
  },
  &amp;quot;totalprice&amp;quot; : 133,
  &amp;quot;depositpaid&amp;quot; : true,
  &amp;quot;lastname&amp;quot; : &amp;quot;Hand&amp;quot;
} expected:&amp;lt;{&amp;quot;firstname&amp;quot;:&amp;quot;Katrine&amp;quot;,&amp;quot;lastname&amp;quot;:&amp;quot;Hand&amp;quot;,&amp;quot;totalprice&amp;quot;:133,&amp;quot;depositpaid&amp;quot;:true,&amp;quot;bookingdates&amp;quot;:{&amp;quot;checkin&amp;quot;:&amp;quot;2023-06-18&amp;quot;,&amp;quot;checkout&amp;quot;:&amp;quot;2023-07-03&amp;quot;},&amp;quot;additionalneeds&amp;quot;:&amp;quot;Breakfast&amp;quot;}&amp;gt; but was:&amp;lt;NON_EXTENSIBLE&amp;gt;">
      <![CDATA[java.lang.AssertionError: {
  "firstname" : "Katrine",
  "additionalneeds" : "Breakfast",
  "bookingdates" : {
    "checkin" : "2023-06-18",
    "checkout" : "2023-07-03"
  },
  "totalprice" : 133,
  "depositpaid" : true,
  "lastname" : "Hand"
} expected:<{"firstname":"Katrine","lastname":"Hand","totalprice":133,"depositpaid":true,"bookingdates":{"checkin":"2023-06-18","checkout":"2023-07-03"},"additionalneeds":"Breakfast"}> but was:<NON_EXTENSIBLE>
at com.RestAssured.restfulbooker.RestfulBookerE2ETests.getBookingDetailsById(RestfulBookerE2ETests.java:89)
at java.util.ArrayList.forEach(ArrayList.java:1257)
... Removed 34 stack frames]]>
    </failure>
  </testcase> <!-- getBookingDetailsById -->
  <testcase name="updateBookingDetails" time="1.378" classname="com.RestAssured.restfulbooker.RestfulBookerE2ETests"/>
  <testcase name="deleteBookingDetails" time="2.734" classname="com.RestAssured.restfulbooker.LambokTest"/>
  <testcase name="partialBookingUpdate" time="2.805" classname="com.RestAssured.restfulbooker.LambokTest"/>
  <testcase name="createBooking" time="1.433" classname="com.RestAssured.restfulbooker.LambokTest"/>
  <testcase name="getBookingDetailsUsingBookingId" time="2.735" classname="com.RestAssured.restfulbooker.LambokTest"/>
  <testcase name="updateBookingDetails" time="2.734" classname="com.RestAssured.restfulbooker.LambokTest"/>
  <testcase name="createNewBooking" time="0.0" classname="com.RestAssured.restfulbooker.LambokTest">
    <ignored/>
  </testcase> <!-- createNewBooking -->
</testsuite> <!-- Test -->
