<?xml version="1.0" encoding="UTF-8"?>
<testng-results skipped="0" failed="1" ignored="1" total="14" passed="12">
  <reporter-output>
  </reporter-output>
  <suite name="Suite" duration-ms="33872" started-at="2023-07-02T15:27:33 IST" finished-at="2023-07-02T15:28:07 IST">
    <groups>
    </groups>
    <test name="Test" duration-ms="33872" started-at="2023-07-02T15:27:33 IST" finished-at="2023-07-02T15:28:07 IST">
      <class name="com.RestAssured.restfulbooker.LambokTest">
        <test-method status="PASS" signature="deleteBookingDetails()[pri:0, instance:com.RestAssured.restfulbooker.LambokTest@5a4aa2f2]" name="deleteBookingDetails" duration-ms="2734" started-at="2023-07-02T15:27:54 IST" description="To Delete the booking details using DELETE method" finished-at="2023-07-02T15:27:57 IST">
          <reporter-output>
          </reporter-output>
        </test-method> <!-- deleteBookingDetails -->
        <test-method status="PASS" signature="partialBookingUpdate()[pri:0, instance:com.RestAssured.restfulbooker.LambokTest@5a4aa2f2]" name="partialBookingUpdate" duration-ms="2805" started-at="2023-07-02T15:27:57 IST" description="To partially update the booking details using PATCH method" finished-at="2023-07-02T15:28:00 IST">
          <reporter-output>
          </reporter-output>
        </test-method> <!-- partialBookingUpdate -->
        <test-method status="PASS" signature="createBooking()[pri:1, instance:com.RestAssured.restfulbooker.LambokTest@5a4aa2f2]" name="createBooking" duration-ms="1433" started-at="2023-07-02T15:28:00 IST" description="To verify create booking API" finished-at="2023-07-02T15:28:01 IST">
          <reporter-output>
          </reporter-output>
        </test-method> <!-- createBooking -->
        <test-method status="PASS" signature="getBookingDetailsUsingBookingId()[pri:2, instance:com.RestAssured.restfulbooker.LambokTest@5a4aa2f2]" name="getBookingDetailsUsingBookingId" duration-ms="2735" started-at="2023-07-02T15:28:01 IST" description="To get the booking details using bookingId" finished-at="2023-07-02T15:28:04 IST">
          <reporter-output>
          </reporter-output>
        </test-method> <!-- getBookingDetailsUsingBookingId -->
        <test-method status="PASS" signature="updateBookingDetails()[pri:3, instance:com.RestAssured.restfulbooker.LambokTest@5a4aa2f2]" name="updateBookingDetails" duration-ms="2734" started-at="2023-07-02T15:28:04 IST" description="To update the booking details using booking Id" finished-at="2023-07-02T15:28:07 IST">
          <reporter-output>
          </reporter-output>
        </test-method> <!-- updateBookingDetails -->
      </class> <!-- com.RestAssured.restfulbooker.LambokTest -->
      <class name="com.RestAssured.restfulbooker.RestfulBookerE2ETests">
        <test-method status="PASS" signature="createNewBooking()[pri:0, instance:com.RestAssured.restfulbooker.RestfulBookerE2ETests@f0f2775]" name="createNewBooking" duration-ms="1356" started-at="2023-07-02T15:27:47 IST" finished-at="2023-07-02T15:27:48 IST">
          <reporter-output>
          </reporter-output>
        </test-method> <!-- createNewBooking -->
        <test-method status="PASS" signature="createToken()[pri:0, instance:com.RestAssured.restfulbooker.RestfulBookerE2ETests@f0f2775]" name="createToken" duration-ms="1331" started-at="2023-07-02T15:27:48 IST" finished-at="2023-07-02T15:27:50 IST">
          <reporter-output>
          </reporter-output>
        </test-method> <!-- createToken -->
        <test-method status="PASS" signature="getBookingData()[pri:0, instance:com.RestAssured.restfulbooker.RestfulBookerE2ETests@f0f2775]" name="getBookingData" duration-ms="1666" started-at="2023-07-02T15:27:50 IST" finished-at="2023-07-02T15:27:51 IST">
          <reporter-output>
          </reporter-output>
        </test-method> <!-- getBookingData -->
        <test-method status="FAIL" signature="getBookingDetailsById()[pri:0, instance:com.RestAssured.restfulbooker.RestfulBookerE2ETests@f0f2775]" name="getBookingDetailsById" duration-ms="1368" started-at="2023-07-02T15:27:51 IST" finished-at="2023-07-02T15:27:53 IST">
          <exception class="java.lang.AssertionError">
            <message>
              <![CDATA[{
  "firstname" : "Katrine",
  "additionalneeds" : "Breakfast",
  "bookingdates" : {
    "checkin" : "2023-06-18",
    "checkout" : "2023-07-03"
  },
  "totalprice" : 133,
  "depositpaid" : true,
  "lastname" : "Hand"
} expected:<{"firstname":"Katrine","lastname":"Hand","totalprice":133,"depositpaid":true,"bookingdates":{"checkin":"2023-06-18","checkout":"2023-07-03"},"additionalneeds":"Breakfast"}> but was:<NON_EXTENSIBLE>]]>
            </message>
            <full-stacktrace>
              <![CDATA[java.lang.AssertionError: {
  "firstname" : "Katrine",
  "additionalneeds" : "Breakfast",
  "bookingdates" : {
    "checkin" : "2023-06-18",
    "checkout" : "2023-07-03"
  },
  "totalprice" : 133,
  "depositpaid" : true,
  "lastname" : "Hand"
} expected:<{"firstname":"Katrine","lastname":"Hand","totalprice":133,"depositpaid":true,"bookingdates":{"checkin":"2023-06-18","checkout":"2023-07-03"},"additionalneeds":"Breakfast"}> but was:<NON_EXTENSIBLE>
at org.testng.AssertJUnit.fail(AssertJUnit.java:47)
at org.testng.AssertJUnit.failNotEquals(AssertJUnit.java:330)
at org.testng.AssertJUnit.assertEquals(AssertJUnit.java:66)
at com.RestAssured.restfulbooker.RestfulBookerE2ETests.getBookingDetailsById(RestfulBookerE2ETests.java:89)
at sun.reflect.NativeMethodAccessorImpl.invoke0(Native Method)
at sun.reflect.NativeMethodAccessorImpl.invoke(NativeMethodAccessorImpl.java:62)
at sun.reflect.DelegatingMethodAccessorImpl.invoke(DelegatingMethodAccessorImpl.java:43)
at java.lang.reflect.Method.invoke(Method.java:498)
at org.testng.internal.MethodInvocationHelper.invokeMethod(MethodInvocationHelper.java:133)
at org.testng.internal.TestInvoker.invokeMethod(TestInvoker.java:584)
at org.testng.internal.TestInvoker.invokeTestMethod(TestInvoker.java:172)
at org.testng.internal.MethodRunner.runInSequence(MethodRunner.java:46)
at org.testng.internal.TestInvoker$MethodInvocationAgent.invoke(TestInvoker.java:804)
at org.testng.internal.TestInvoker.invokeTestMethods(TestInvoker.java:145)
at org.testng.internal.TestMethodWorker.invokeTestMethods(TestMethodWorker.java:146)
at org.testng.internal.TestMethodWorker.run(TestMethodWorker.java:128)
at java.util.ArrayList.forEach(ArrayList.java:1257)
at org.testng.TestRunner.privateRun(TestRunner.java:770)
at org.testng.TestRunner.run(TestRunner.java:591)
at org.testng.SuiteRunner.runTest(SuiteRunner.java:402)
at org.testng.SuiteRunner.runSequentially(SuiteRunner.java:396)
at org.testng.SuiteRunner.privateRun(SuiteRunner.java:355)
at org.testng.SuiteRunner.run(SuiteRunner.java:304)
at org.testng.SuiteRunnerWorker.runSuite(SuiteRunnerWorker.java:53)
at org.testng.SuiteRunnerWorker.run(SuiteRunnerWorker.java:96)
at org.testng.TestNG.runSuitesSequentially(TestNG.java:1180)
at org.testng.TestNG.runSuitesLocally(TestNG.java:1102)
at org.testng.TestNG.runSuites(TestNG.java:1032)
at org.testng.TestNG.run(TestNG.java:1000)
at org.apache.maven.surefire.testng.TestNGExecutor.run(TestNGExecutor.java:283)
at org.apache.maven.surefire.testng.TestNGXmlTestSuite.execute(TestNGXmlTestSuite.java:75)
at org.apache.maven.surefire.testng.TestNGProvider.invoke(TestNGProvider.java:120)
at org.apache.maven.surefire.booter.ForkedBooter.invokeProviderInSameClassLoader(ForkedBooter.java:384)
at org.apache.maven.surefire.booter.ForkedBooter.runSuitesInProcess(ForkedBooter.java:345)
at org.apache.maven.surefire.booter.ForkedBooter.execute(ForkedBooter.java:126)
at org.apache.maven.surefire.booter.ForkedBooter.main(ForkedBooter.java:418)
]]>
            </full-stacktrace>
          </exception> <!-- java.lang.AssertionError -->
          <reporter-output>
          </reporter-output>
        </test-method> <!-- getBookingDetailsById -->
        <test-method status="PASS" signature="updateBookingDetails()[pri:0, instance:com.RestAssured.restfulbooker.RestfulBookerE2ETests@f0f2775]" name="updateBookingDetails" duration-ms="1378" started-at="2023-07-02T15:27:53 IST" finished-at="2023-07-02T15:27:54 IST">
          <reporter-output>
          </reporter-output>
        </test-method> <!-- updateBookingDetails -->
      </class> <!-- com.RestAssured.restfulbooker.RestfulBookerE2ETests -->
      <class name="com.RestAssured.restfulbooker.JsonSchemaValidationTest">
        <test-method status="PASS" signature="createBookingSchemaValidation()[pri:0, instance:com.RestAssured.restfulbooker.JsonSchemaValidationTest@4d339552]" name="createBookingSchemaValidation" duration-ms="9246" started-at="2023-07-02T15:27:33 IST" description="To verify create booking json schema" finished-at="2023-07-02T15:27:42 IST">
          <reporter-output>
          </reporter-output>
        </test-method> <!-- createBookingSchemaValidation -->
        <test-method status="PASS" signature="createTokenJsonSchemaValidation()[pri:0, instance:com.RestAssured.restfulbooker.JsonSchemaValidationTest@4d339552]" name="createTokenJsonSchemaValidation" duration-ms="1567" started-at="2023-07-02T15:27:42 IST" description="To verify the create token json schema" finished-at="2023-07-02T15:27:44 IST">
          <reporter-output>
          </reporter-output>
        </test-method> <!-- createTokenJsonSchemaValidation -->
        <test-method status="PASS" signature="getBookingSchemaValidation()[pri:0, instance:com.RestAssured.restfulbooker.JsonSchemaValidationTest@4d339552]" name="getBookingSchemaValidation" duration-ms="3418" started-at="2023-07-02T15:27:44 IST" description="To verify get booking json schema" finished-at="2023-07-02T15:27:47 IST">
          <reporter-output>
          </reporter-output>
        </test-method> <!-- getBookingSchemaValidation -->
      </class> <!-- com.RestAssured.restfulbooker.JsonSchemaValidationTest -->
    </test> <!-- Test -->
  </suite> <!-- Suite -->
</testng-results>
