<?xml version="1.0" encoding="UTF-8"?>
<!-- Generated by org.testng.reporters.JUnitReportReporter -->
<testsuite skipped="0" hostname="DESKTOP-DCMS2K8" name="com.RestAssured.restfulbooker.RestfulBookerE2ETests" tests="5" failures="1" timestamp="2023-07-02T15:55:08 IST" time="15.129" errors="0">
  <testcase name="getBookingDetailsById" time="1.356" classname="com.RestAssured.restfulbooker.RestfulBookerE2ETests">
    <failure type="java.lang.AssertionError" message="{
  &quot;firstname&quot; : &quot;Darby&quot;,
  &quot;additionalneeds&quot; : &quot;Breakfast&quot;,
  &quot;bookingdates&quot; : {
    &quot;checkin&quot; : &quot;2023-06-14&quot;,
    &quot;checkout&quot; : &quot;2023-07-02&quot;
  },
  &quot;totalprice&quot; : 145,
  &quot;depositpaid&quot; : true,
  &quot;lastname&quot; : &quot;Stark&quot;
} expected:&lt;{&quot;firstname&quot;:&quot;Darby&quot;,&quot;lastname&quot;:&quot;Stark&quot;,&quot;totalprice&quot;:145,&quot;depositpaid&quot;:true,&quot;bookingdates&quot;:{&quot;checkin&quot;:&quot;2023-06-14&quot;,&quot;checkout&quot;:&quot;2023-07-02&quot;},&quot;additionalneeds&quot;:&quot;Breakfast&quot;}&gt; but was:&lt;STRICT_ORDER&gt;">
      <![CDATA[java.lang.AssertionError: {
  "firstname" : "Darby",
  "additionalneeds" : "Breakfast",
  "bookingdates" : {
    "checkin" : "2023-06-14",
    "checkout" : "2023-07-02"
  },
  "totalprice" : 145,
  "depositpaid" : true,
  "lastname" : "Stark"
} expected:<{"firstname":"Darby","lastname":"Stark","totalprice":145,"depositpaid":true,"bookingdates":{"checkin":"2023-06-14","checkout":"2023-07-02"},"additionalneeds":"Breakfast"}> but was:<STRICT_ORDER>
at org.testng.AssertJUnit.fail(AssertJUnit.java:47)
at org.testng.AssertJUnit.failNotEquals(AssertJUnit.java:330)
at org.testng.AssertJUnit.assertEquals(AssertJUnit.java:66)
at com.RestAssured.restfulbooker.RestfulBookerE2ETests.getBookingDetailsById(RestfulBookerE2ETests.java:86)
at sun.reflect.NativeMethodAccessorImpl.invoke0(Native Method)
at sun.reflect.NativeMethodAccessorImpl.invoke(Unknown Source)
at sun.reflect.DelegatingMethodAccessorImpl.invoke(Unknown Source)
at java.lang.reflect.Method.invoke(Unknown Source)
at org.testng.internal.MethodInvocationHelper.invokeMethod(MethodInvocationHelper.java:133)
at org.testng.internal.TestInvoker.invokeMethod(TestInvoker.java:584)
at org.testng.internal.TestInvoker.invokeTestMethod(TestInvoker.java:172)
at org.testng.internal.MethodRunner.runInSequence(MethodRunner.java:46)
at org.testng.internal.TestInvoker$MethodInvocationAgent.invoke(TestInvoker.java:804)
at org.testng.internal.TestInvoker.invokeTestMethods(TestInvoker.java:145)
at org.testng.internal.TestMethodWorker.invokeTestMethods(TestMethodWorker.java:146)
at org.testng.internal.TestMethodWorker.run(TestMethodWorker.java:128)
at java.util.ArrayList.forEach(Unknown Source)
at org.testng.TestRunner.privateRun(TestRunner.java:770)
at org.testng.TestRunner.run(TestRunner.java:591)
at org.testng.SuiteRunner.runTest(SuiteRunner.java:402)
at org.testng.SuiteRunner.runSequentially(SuiteRunner.java:396)
at org.testng.SuiteRunner.privateRun(SuiteRunner.java:355)
at org.testng.SuiteRunner.run(SuiteRunner.java:304)
at org.testng.SuiteRunnerWorker.runSuite(SuiteRunnerWorker.java:53)
at org.testng.SuiteRunnerWorker.run(SuiteRunnerWorker.java:96)
at org.testng.TestNG.runSuitesSequentially(TestNG.java:1180)
at org.testng.TestNG.runSuitesLocally(TestNG.java:1102)
at org.testng.TestNG.runSuites(TestNG.java:1032)
at org.testng.TestNG.run(TestNG.java:1000)
at org.testng.remote.AbstractRemoteTestNG.run(AbstractRemoteTestNG.java:115)
at org.testng.remote.RemoteTestNG.initAndRun(RemoteTestNG.java:251)
at org.testng.remote.RemoteTestNG.main(RemoteTestNG.java:77)
]]>
    </failure>
  </testcase> <!-- getBookingDetailsById -->
  <testcase name="getBookingData" time="2.312" classname="com.RestAssured.restfulbooker.RestfulBookerE2ETests"/>
  <testcase name="updateBookingDetails" time="1.381" classname="com.RestAssured.restfulbooker.RestfulBookerE2ETests"/>
  <testcase name="createNewBooking" time="8.235" classname="com.RestAssured.restfulbooker.RestfulBookerE2ETests"/>
  <testcase name="createToken" time="1.845" classname="com.RestAssured.restfulbooker.RestfulBookerE2ETests"/>
</testsuite> <!-- com.RestAssured.restfulbooker.RestfulBookerE2ETests -->
