<?xml version="1.0" encoding="UTF-8"?>
<!-- Generated by org.testng.reporters.JUnitReportReporter -->
<testsuite skipped="0" hostname="DESKTOP-DCMS2K8" name="com.RestAssured.restfulbooker.RestfulBookerE2ETests" tests="5" failures="1" timestamp="2023-07-02T15:28:07 IST" time="7.099" errors="0">
  <testcase name="createToken" time="1.331" classname="com.RestAssured.restfulbooker.RestfulBookerE2ETests"/>
  <testcase name="getBookingDetailsById" time="1.368" classname="com.RestAssured.restfulbooker.RestfulBookerE2ETests">
    <failure type="java.lang.AssertionError" message="{
  &quot;firstname&quot; : &quot;Katrine&quot;,
  &quot;additionalneeds&quot; : &quot;Breakfast&quot;,
  &quot;bookingdates&quot; : {
    &quot;checkin&quot; : &quot;2023-06-18&quot;,
    &quot;checkout&quot; : &quot;2023-07-03&quot;
  },
  &quot;totalprice&quot; : 133,
  &quot;depositpaid&quot; : true,
  &quot;lastname&quot; : &quot;Hand&quot;
} expected:&lt;{&quot;firstname&quot;:&quot;Katrine&quot;,&quot;lastname&quot;:&quot;Hand&quot;,&quot;totalprice&quot;:133,&quot;depositpaid&quot;:true,&quot;bookingdates&quot;:{&quot;checkin&quot;:&quot;2023-06-18&quot;,&quot;checkout&quot;:&quot;2023-07-03&quot;},&quot;additionalneeds&quot;:&quot;Breakfast&quot;}&gt; but was:&lt;NON_EXTENSIBLE&gt;">
      <![CDATA[java.lang.AssertionError: {
  "firstname" : "Katrine",
  "additionalneeds" : "Breakfast",
  "bookingdates" : {
    "checkin" : "2023-06-18",
    "checkout" : "2023-07-03"
  },
  "totalprice" : 133,
  "depositpaid" : true,
  "lastname" : "Hand"
} expected:<{"firstname":"Katrine","lastname":"Hand","totalprice":133,"depositpaid":true,"bookingdates":{"checkin":"2023-06-18","checkout":"2023-07-03"},"additionalneeds":"Breakfast"}> but was:<NON_EXTENSIBLE>
at org.testng.AssertJUnit.fail(AssertJUnit.java:47)
at org.testng.AssertJUnit.failNotEquals(AssertJUnit.java:330)
at org.testng.AssertJUnit.assertEquals(AssertJUnit.java:66)
at com.RestAssured.restfulbooker.RestfulBookerE2ETests.getBookingDetailsById(RestfulBookerE2ETests.java:89)
at sun.reflect.NativeMethodAccessorImpl.invoke0(Native Method)
at sun.reflect.NativeMethodAccessorImpl.invoke(NativeMethodAccessorImpl.java:62)
at sun.reflect.DelegatingMethodAccessorImpl.invoke(DelegatingMethodAccessorImpl.java:43)
at java.lang.reflect.Method.invoke(Method.java:498)
at org.testng.internal.MethodInvocationHelper.invokeMethod(MethodInvocationHelper.java:133)
at org.testng.internal.TestInvoker.invokeMethod(TestInvoker.java:584)
at org.testng.internal.TestInvoker.invokeTestMethod(TestInvoker.java:172)
at org.testng.internal.MethodRunner.runInSequence(MethodRunner.java:46)
at org.testng.internal.TestInvoker$MethodInvocationAgent.invoke(TestInvoker.java:804)
at org.testng.internal.TestInvoker.invokeTestMethods(TestInvoker.java:145)
at org.testng.internal.TestMethodWorker.invokeTestMethods(TestMethodWorker.java:146)
at org.testng.internal.TestMethodWorker.run(TestMethodWorker.java:128)
at java.util.ArrayList.forEach(ArrayList.java:1257)
at org.testng.TestRunner.privateRun(TestRunner.java:770)
at org.testng.TestRunner.run(TestRunner.java:591)
at org.testng.SuiteRunner.runTest(SuiteRunner.java:402)
at org.testng.SuiteRunner.runSequentially(SuiteRunner.java:396)
at org.testng.SuiteRunner.privateRun(SuiteRunner.java:355)
at org.testng.SuiteRunner.run(SuiteRunner.java:304)
at org.testng.SuiteRunnerWorker.runSuite(SuiteRunnerWorker.java:53)
at org.testng.SuiteRunnerWorker.run(SuiteRunnerWorker.java:96)
at org.testng.TestNG.runSuitesSequentially(TestNG.java:1180)
at org.testng.TestNG.runSuitesLocally(TestNG.java:1102)
at org.testng.TestNG.runSuites(TestNG.java:1032)
at org.testng.TestNG.run(TestNG.java:1000)
at org.apache.maven.surefire.testng.TestNGExecutor.run(TestNGExecutor.java:283)
at org.apache.maven.surefire.testng.TestNGXmlTestSuite.execute(TestNGXmlTestSuite.java:75)
at org.apache.maven.surefire.testng.TestNGProvider.invoke(TestNGProvider.java:120)
at org.apache.maven.surefire.booter.ForkedBooter.invokeProviderInSameClassLoader(ForkedBooter.java:384)
at org.apache.maven.surefire.booter.ForkedBooter.runSuitesInProcess(ForkedBooter.java:345)
at org.apache.maven.surefire.booter.ForkedBooter.execute(ForkedBooter.java:126)
at org.apache.maven.surefire.booter.ForkedBooter.main(ForkedBooter.java:418)
]]>
    </failure>
  </testcase> <!-- getBookingDetailsById -->
  <testcase name="getBookingData" time="1.666" classname="com.RestAssured.restfulbooker.RestfulBookerE2ETests"/>
  <testcase name="createNewBooking" time="1.356" classname="com.RestAssured.restfulbooker.RestfulBookerE2ETests"/>
  <testcase name="updateBookingDetails" time="1.378" classname="com.RestAssured.restfulbooker.RestfulBookerE2ETests"/>
</testsuite> <!-- com.RestAssured.restfulbooker.RestfulBookerE2ETests -->
